{
  "stats": {
    "suites": 1,
    "tests": 5,
    "passes": 5,
    "pending": 0,
    "failures": 0,
    "start": "2024-07-21T09:40:55.987Z",
    "end": "2024-07-21T09:41:57.152Z",
    "duration": 61165,
    "testsRegistered": 5,
    "passPercent": 100,
    "pendingPercent": 0,
    "other": 0,
    "hasOther": false,
    "skipped": 0,
    "hasSkipped": false
  },
  "results": [
    {
      "uuid": "59401eb0-8048-49ef-ad40-bf723f538bfc",
      "title": "",
      "fullFile": "cypress\\e2e\\features\\auth\\login\\login.feature",
      "file": "cypress\\e2e\\features\\auth\\login\\login.feature",
      "beforeHooks": [],
      "afterHooks": [],
      "tests": [],
      "suites": [
        {
          "uuid": "b0022596-54cb-4c82-80c9-31a1106ee8df",
          "title": "director Login with valid and invalid credentials",
          "fullFile": "",
          "file": "",
          "beforeHooks": [],
          "afterHooks": [],
          "tests": [
            {
              "title": "director Login with invalid credentials (example #1)",
              "fullTitle": "director Login with valid and invalid credentials director Login with invalid credentials (example #1)",
              "timedOut": null,
              "duration": 8614,
              "state": "passed",
              "speed": "medium",
              "pass": true,
              "fail": false,
              "pending": false,
              "context": null,
              "code": "const state = window.testState;\nreturn cy\n  .then(() => state.onStartScenario(scenario, indexedSteps))\n  .then(() =>\n    resolveAndRunBeforeHooks.call(this, scenario.tags, state.feature.name)\n  )\n  .then(() =>\n    indexedSteps.forEach((step) =>\n      stepTest.call(this, state, step, rowData)\n    )\n  )\n  .then(() => state.onFinishScenario(scenario));",
              "err": {},
              "uuid": "73387210-cd9f-4c2a-ace8-ce9b9b6c41c4",
              "parentUUID": "b0022596-54cb-4c82-80c9-31a1106ee8df",
              "isHook": false,
              "skipped": false
            },
            {
              "title": "director Login with invalid credentials (example #2)",
              "fullTitle": "director Login with valid and invalid credentials director Login with invalid credentials (example #2)",
              "timedOut": null,
              "duration": 29863,
              "state": "passed",
              "speed": "slow",
              "pass": true,
              "fail": false,
              "pending": false,
              "context": null,
              "code": "const state = window.testState;\nreturn cy\n  .then(() => state.onStartScenario(scenario, indexedSteps))\n  .then(() =>\n    resolveAndRunBeforeHooks.call(this, scenario.tags, state.feature.name)\n  )\n  .then(() =>\n    indexedSteps.forEach((step) =>\n      stepTest.call(this, state, step, rowData)\n    )\n  )\n  .then(() => state.onFinishScenario(scenario));",
              "err": {},
              "uuid": "5626d3de-9b4f-4e79-bcab-901a62c5946e",
              "parentUUID": "b0022596-54cb-4c82-80c9-31a1106ee8df",
              "isHook": false,
              "skipped": false
            },
            {
              "title": "director Login with invalid credentials (example #3)",
              "fullTitle": "director Login with valid and invalid credentials director Login with invalid credentials (example #3)",
              "timedOut": null,
              "duration": 6040,
              "state": "passed",
              "speed": "medium",
              "pass": true,
              "fail": false,
              "pending": false,
              "context": null,
              "code": "const state = window.testState;\nreturn cy\n  .then(() => state.onStartScenario(scenario, indexedSteps))\n  .then(() =>\n    resolveAndRunBeforeHooks.call(this, scenario.tags, state.feature.name)\n  )\n  .then(() =>\n    indexedSteps.forEach((step) =>\n      stepTest.call(this, state, step, rowData)\n    )\n  )\n  .then(() => state.onFinishScenario(scenario));",
              "err": {},
              "uuid": "47a301e2-659a-46d9-8533-a415387c0395",
              "parentUUID": "b0022596-54cb-4c82-80c9-31a1106ee8df",
              "isHook": false,
              "skipped": false
            },
            {
              "title": "director Login with invalid credentials (example #4)",
              "fullTitle": "director Login with valid and invalid credentials director Login with invalid credentials (example #4)",
              "timedOut": null,
              "duration": 6039,
              "state": "passed",
              "speed": "medium",
              "pass": true,
              "fail": false,
              "pending": false,
              "context": null,
              "code": "const state = window.testState;\nreturn cy\n  .then(() => state.onStartScenario(scenario, indexedSteps))\n  .then(() =>\n    resolveAndRunBeforeHooks.call(this, scenario.tags, state.feature.name)\n  )\n  .then(() =>\n    indexedSteps.forEach((step) =>\n      stepTest.call(this, state, step, rowData)\n    )\n  )\n  .then(() => state.onFinishScenario(scenario));",
              "err": {},
              "uuid": "1c255da5-4558-46ee-9a05-7f4ffc33b9cc",
              "parentUUID": "b0022596-54cb-4c82-80c9-31a1106ee8df",
              "isHook": false,
              "skipped": false
            },
            {
              "title": "director Login with invalid credentials (example #5)",
              "fullTitle": "director Login with valid and invalid credentials director Login with invalid credentials (example #5)",
              "timedOut": null,
              "duration": 3906,
              "state": "passed",
              "speed": "fast",
              "pass": true,
              "fail": false,
              "pending": false,
              "context": null,
              "code": "const state = window.testState;\nreturn cy\n  .then(() => state.onStartScenario(scenario, indexedSteps))\n  .then(() =>\n    resolveAndRunBeforeHooks.call(this, scenario.tags, state.feature.name)\n  )\n  .then(() =>\n    indexedSteps.forEach((step) =>\n      stepTest.call(this, state, step, rowData)\n    )\n  )\n  .then(() => state.onFinishScenario(scenario));",
              "err": {},
              "uuid": "0abf9102-efb4-4d67-acf6-ebf5e7fe1c7a",
              "parentUUID": "b0022596-54cb-4c82-80c9-31a1106ee8df",
              "isHook": false,
              "skipped": false
            }
          ],
          "suites": [],
          "passes": [
            "73387210-cd9f-4c2a-ace8-ce9b9b6c41c4",
            "5626d3de-9b4f-4e79-bcab-901a62c5946e",
            "47a301e2-659a-46d9-8533-a415387c0395",
            "1c255da5-4558-46ee-9a05-7f4ffc33b9cc",
            "0abf9102-efb4-4d67-acf6-ebf5e7fe1c7a"
          ],
          "failures": [],
          "pending": [],
          "skipped": [],
          "duration": 54462,
          "root": false,
          "rootEmpty": false,
          "_timeout": 2000
        }
      ],
      "passes": [],
      "failures": [],
      "pending": [],
      "skipped": [],
      "duration": 0,
      "root": true,
      "rootEmpty": true,
      "_timeout": 2000
    }
  ],
  "meta": {
    "mocha": {
      "version": "7.0.1"
    },
    "mochawesome": {
      "options": {
        "quiet": false,
        "reportFilename": "mochawesome",
        "saveHtml": false,
        "saveJson": true,
        "consoleReporter": "spec",
        "useInlineDiffs": false,
        "code": true
      },
      "version": "7.1.3"
    },
    "marge": {
      "options": {
        "charts": true,
        "reportPageTitle": "Koors / SlashUp",
        "embeddedScreenshots": true,
        "inlineAssets": true,
        "saveAllAttempts": false,
        "overwrite": false,
        "html": false,
        "json": true,
        "reportDir": "cypress\\reports\\html\\.jsons"
      },
      "version": "6.2.0"
    }
  }
}